2023-04-11 10:54:57,381 [INFO] Activator:179 - 


2023-04-11 10:54:57,381 [INFO] Activator:180 - !SESSION log4j initialized
2023-04-11 10:55:31,126 [INFO] McuFinderGlobals:52 - Set McuFinder mode to 2 (CubeIDE integrated)
2023-04-11 10:55:32,720 [INFO] ApplicationProperties:181 - Using Application install path: C:\Users\fanni\Documents\STM32\STM32CubeIDE_1.11.2\STM32CubeIDE\plugins\com.st.stm32cube.common.mx_6.7.0.202301130839
2023-04-11 10:55:32,813 [INFO] DbMcusXml:77 - Set database path to: C:\Users\fanni\Documents\STM32\STM32CubeIDE_1.11.2\STM32CubeIDE\plugins\com.st.stm32cube.common.mx_6.7.0.202301130839\\db\/mcu/
2023-04-11 10:55:32,813 [INFO] ApiDb:273 - Set plugin database path to: C:\Users\fanni\Documents\STM32\STM32CubeIDE_1.11.2\STM32CubeIDE\plugins\com.st.stm32cube.common.mx_6.7.0.202301130839\\db\/plugins/boardmanager/
2023-04-11 10:55:32,829 [WARN] ApiDb:258 - Overriding images path with different value:  => C:\Users\fanni\Documents\STM32\STM32CubeIDE_1.11.2\STM32CubeIDE\plugins\com.st.stm32cube.common.mx_6.7.0.202301130839\\db\/plugins/mcufinder/images/
2023-04-11 10:55:32,923 [INFO] ApiDb:249 - Set database path to: C:\Users\fanni\.stmcufinder\plugins\mcufinder//mcu/
2023-04-11 10:55:32,923 [INFO] DbMcusAds:124 - Set database path to: C:\Users\fanni\.stmcufinder\plugins\mcufinder//mcu/
2023-04-11 10:55:33,032 [INFO] CrossReferenceDbSqlite:202 - Set database path to: C:\Users\fanni\.stmcufinder\plugins\mcufinder//mcu/cs/
2023-04-11 10:55:33,590 [INFO] RulesReader:61 - Compatibility file has been processed (283 Rules)
2023-04-11 10:55:34,137 [INFO] DbMcusXml:77 - Set database path to: C:\Users\fanni\Documents\STM32\STM32CubeIDE_1.11.2\STM32CubeIDE\plugins\com.st.stm32cube.common.mx_6.7.0.202301130839\\db\/mcu/
2023-04-11 10:55:34,137 [INFO] ApiDb:273 - Set plugin database path to: C:\Users\fanni\Documents\STM32\STM32CubeIDE_1.11.2\STM32CubeIDE\plugins\com.st.stm32cube.common.mx_6.7.0.202301130839\\db\/plugins/boardmanager/
2023-04-11 10:55:34,137 [INFO] ApiDb:260 - Set plugin images path to: C:\Users\fanni\Documents\STM32\STM32CubeIDE_1.11.2\STM32CubeIDE\plugins\com.st.stm32cube.common.mx_6.7.0.202301130839\\db\/plugins/mcufinder/images/
2023-04-11 10:55:34,153 [WARN] DbFile:40 - Overriding database path with different value: C:\Users\fanni\.stmcufinder\plugins\mcufinder/ => C:\Users\fanni\.stmcufinder\plugins\mcufinder
2023-04-11 10:55:34,153 [INFO] ApiDb:249 - Set database path to: C:\Users\fanni\.stmcufinder\plugins\mcufinder//mcu/
2023-04-11 10:55:34,153 [WARN] DbFile:40 - Overriding database path with different value: C:\Users\fanni\.stmcufinder\plugins\mcufinder/ => C:\Users\fanni\.stmcufinder\plugins\mcufinder
2023-04-11 10:55:34,153 [INFO] DbMcusAds:124 - Set database path to: C:\Users\fanni\.stmcufinder\plugins\mcufinder//mcu/
2023-04-11 10:55:34,153 [WARN] DbFile:40 - Overriding database path with different value: C:\Users\fanni\.stmcufinder\plugins\mcufinder/ => C:\Users\fanni\.stmcufinder\plugins\mcufinder
2023-04-11 10:55:34,153 [WARN] DbFile:40 - Overriding database path with different value: C:\Users\fanni\.stmcufinder\plugins\mcufinder/ => C:\Users\fanni\.stmcufinder\plugins\mcufinder
2023-04-11 10:55:34,153 [INFO] CrossReferenceDbSqlite:202 - Set database path to: C:\Users\fanni\.stmcufinder\plugins\mcufinder//mcu/cs/
2023-04-11 10:55:34,793 [INFO] MainPanel:252 - HeapMemory: 268435456
2023-04-11 10:55:35,736 [INFO] DbMcusXml:77 - Set database path to: C:\Users\fanni\Documents\STM32\STM32CubeIDE_1.11.2\STM32CubeIDE\plugins\com.st.stm32cube.common.mx_6.7.0.202301130839\\db\/mcu/
2023-04-11 10:55:35,736 [INFO] ApiDb:273 - Set plugin database path to: C:\Users\fanni\Documents\STM32\STM32CubeIDE_1.11.2\STM32CubeIDE\plugins\com.st.stm32cube.common.mx_6.7.0.202301130839\\db\/plugins/boardmanager/
2023-04-11 10:55:35,736 [INFO] ApiDb:260 - Set plugin images path to: C:\Users\fanni\Documents\STM32\STM32CubeIDE_1.11.2\STM32CubeIDE\plugins\com.st.stm32cube.common.mx_6.7.0.202301130839\\db\/plugins/mcufinder/images/
2023-04-11 10:55:35,736 [WARN] DbFile:40 - Overriding database path with different value: C:\Users\fanni\.stmcufinder\plugins\mcufinder/ => C:\Users\fanni\.stmcufinder\plugins\mcufinder
2023-04-11 10:55:35,736 [INFO] ApiDb:249 - Set database path to: C:\Users\fanni\.stmcufinder\plugins\mcufinder//mcu/
2023-04-11 10:55:35,736 [WARN] DbFile:40 - Overriding database path with different value: C:\Users\fanni\.stmcufinder\plugins\mcufinder/ => C:\Users\fanni\.stmcufinder\plugins\mcufinder
2023-04-11 10:55:35,736 [INFO] DbMcusAds:124 - Set database path to: C:\Users\fanni\.stmcufinder\plugins\mcufinder//mcu/
2023-04-11 10:55:35,736 [WARN] DbFile:40 - Overriding database path with different value: C:\Users\fanni\.stmcufinder\plugins\mcufinder/ => C:\Users\fanni\.stmcufinder\plugins\mcufinder
2023-04-11 10:55:35,736 [WARN] DbFile:40 - Overriding database path with different value: C:\Users\fanni\.stmcufinder\plugins\mcufinder/ => C:\Users\fanni\.stmcufinder\plugins\mcufinder
2023-04-11 10:55:35,736 [INFO] CrossReferenceDbSqlite:202 - Set database path to: C:\Users\fanni\.stmcufinder\plugins\mcufinder//mcu/cs/
2023-04-11 10:55:35,829 [INFO] ApplicationProperties:181 - Using Application install path: C:\Users\fanni\Documents\STM32\STM32CubeIDE_1.11.2\STM32CubeIDE\plugins\com.st.stm32cube.common.mx_6.7.0.202301130839
2023-04-11 10:55:35,829 [INFO] PluginManage:193 - Search for loadable plugins [exclusion list=, ]
2023-04-11 10:55:35,845 [INFO] PluginManage:307 - Check plugin analytics
2023-04-11 10:55:40,346 [ERROR] LogOutputStream:74 - [STDERR_REDIRECT] SLF4J: Failed to load class "org.slf4j.impl.StaticLoggerBinder".
2023-04-11 10:55:40,346 [ERROR] LogOutputStream:74 - [STDERR_REDIRECT] SLF4J: Defaulting to no-operation (NOP) logger implementation
2023-04-11 10:55:40,346 [ERROR] LogOutputStream:74 - [STDERR_REDIRECT] SLF4J: See http://www.slf4j.org/codes.html#StaticLoggerBinder for further details.
2023-04-11 10:55:41,221 [INFO] AnalyticsPlugin:262 - Accepted Software Licenses: 
2023-04-11 10:55:41,221 [INFO] AnalyticsPlugin:264 - Accepted CMSIS Pack Licenses: 
2023-04-11 10:55:41,221 [INFO] AnalyticsPlugin:266 - Accepted Firmware Licenses: 
2023-04-11 10:55:41,314 [INFO] PluginManage:356 - Loaded plugin analytics (category:tool,tabindex:-1)
2023-04-11 10:55:41,314 [INFO] PluginManage:307 - Check plugin cadmodel
2023-04-11 10:55:41,330 [INFO] CADModel:104 - Init CAD model plugin
2023-04-11 10:55:41,330 [INFO] PluginManage:356 - Loaded plugin cadmodel (category:power,tabindex:5)
2023-04-11 10:55:41,330 [INFO] PluginManage:307 - Check plugin clock
2023-04-11 10:55:41,408 [INFO] PluginManage:356 - Loaded plugin clock (category:base,tabindex:2)
2023-04-11 10:55:41,408 [INFO] PluginManage:307 - Check plugin ddr
2023-04-11 10:55:41,424 [INFO] PluginManage:356 - Loaded plugin ddr (category:tool,tabindex:6)
2023-04-11 10:55:41,424 [INFO] PluginManage:307 - Check plugin filemanager
2023-04-11 10:55:42,065 [INFO] PluginManage:356 - Loaded plugin filemanager (category:base,tabindex:10)
2023-04-11 10:55:42,080 [INFO] PluginManage:307 - Check plugin ipmanager
2023-04-11 10:55:42,127 [INFO] PluginManage:356 - Loaded plugin ipmanager (category:base,tabindex:5)
2023-04-11 10:55:42,127 [INFO] PluginManage:307 - Check plugin lpbam
2023-04-11 10:55:42,158 [INFO] PluginManage:356 - Loaded plugin lpbam (category:base,tabindex:0)
2023-04-11 10:55:42,158 [INFO] PluginManage:307 - Check plugin pinoutandconfiguration
2023-04-11 10:55:42,190 [INFO] PluginManage:356 - Loaded plugin pinoutandconfiguration (category:base,tabindex:1)
2023-04-11 10:55:42,190 [INFO] PluginManage:307 - Check plugin pinoutconfig
2023-04-11 10:55:42,346 [INFO] PluginManage:356 - Loaded plugin pinoutconfig (category:base,tabindex:0)
2023-04-11 10:55:42,346 [INFO] PluginManage:307 - Check plugin power
2023-04-11 10:55:42,393 [INFO] PluginManage:356 - Loaded plugin power (category:power,tabindex:4)
2023-04-11 10:55:42,393 [INFO] PluginManage:307 - Check plugin projectmanager
2023-04-11 10:55:42,518 [INFO] PluginManage:356 - Loaded plugin projectmanager (category:projectmanager,tabindex:3)
2023-04-11 10:55:42,518 [INFO] PluginManage:307 - Check plugin thirdparty
2023-04-11 10:55:43,393 [INFO] PluginManage:356 - Loaded plugin thirdparty (category:base,tabindex:-1)
2023-04-11 10:55:43,408 [INFO] PluginManage:307 - Check plugin tools
2023-04-11 10:55:43,408 [INFO] PluginManage:356 - Loaded plugin tools (category:base,tabindex:7)
2023-04-11 10:55:43,424 [INFO] PluginManage:307 - Check plugin tutovideos
2023-04-11 10:55:43,455 [WARN] IntegrityCheckThread:82 - waiting for thirdparty lock release [integrity check]
2023-04-11 10:55:43,455 [INFO] IntegrityCheckThread:84 - entering critical section [integrity check]
2023-04-11 10:55:43,455 [INFO] ThirdPartyUpdaterWithRetryManager:70 - Updater plugin not ready yet. [1/15]
2023-04-11 10:55:44,705 [INFO] PluginManage:356 - Loaded plugin tutovideos (category:base,tabindex:-1)
2023-04-11 10:55:44,705 [INFO] PluginManage:307 - Check plugin updater
2023-04-11 10:55:45,112 [INFO] PluginManage:356 - Loaded plugin updater (category:base,tabindex:12)
2023-04-11 10:55:45,112 [INFO] PluginManage:280 - PluginManage : Loaded plugins [15]
2023-04-11 10:55:46,612 [INFO] ThirdPartyUpdaterWithRetryManager:70 - Updater plugin not ready yet. [2/15]
2023-04-11 10:55:46,893 [INFO] PinOutPanel:1477 - setPackage(No Configuration,No Configuration)
2023-04-11 10:55:47,252 [INFO] CADModel:164 - CPN selected for project level
2023-04-11 10:55:47,268 [INFO] CADModel:113 - Register for checkConnection events
2023-04-11 10:55:47,409 [INFO] IPUIPlugin:79 - create IPUIPlugin
2023-04-11 10:55:47,424 [INFO] PluginManager:219 - loadIPPluginJar : add adc
2023-04-11 10:55:47,440 [INFO] IPUIPlugin:79 - create IPUIPlugin
2023-04-11 10:55:47,440 [INFO] PluginManager:219 - loadIPPluginJar : add aes
2023-04-11 10:55:47,440 [INFO] IPUIPlugin:79 - create IPUIPlugin
2023-04-11 10:55:47,440 [INFO] PluginManager:219 - loadIPPluginJar : add can
2023-04-11 10:55:47,456 [INFO] IPUIPlugin:79 - create IPUIPlugin
2023-04-11 10:55:47,456 [INFO] PluginManager:219 - loadIPPluginJar : add comp
2023-04-11 10:55:47,502 [INFO] IPUIPlugin:79 - create IPUIPlugin
2023-04-11 10:55:47,502 [INFO] PluginManager:219 - loadIPPluginJar : add cryp
2023-04-11 10:55:47,518 [INFO] IPUIPlugin:79 - create IPUIPlugin
2023-04-11 10:55:47,518 [INFO] PluginManager:219 - loadIPPluginJar : add dfsdm
2023-04-11 10:55:47,627 [INFO] IPUIPlugin:79 - create IPUIPlugin
2023-04-11 10:55:47,627 [INFO] PluginManager:219 - loadIPPluginJar : add dma
2023-04-11 10:55:47,643 [INFO] IPUIPlugin:79 - create IPUIPlugin
2023-04-11 10:55:47,643 [INFO] PluginManager:219 - loadIPPluginJar : add dma3
2023-04-11 10:55:47,643 [INFO] IPUIPlugin:79 - create IPUIPlugin
2023-04-11 10:55:47,643 [INFO] PluginManager:219 - loadIPPluginJar : add fatfs
2023-04-11 10:55:47,674 [INFO] IPUIPlugin:79 - create IPUIPlugin
2023-04-11 10:55:47,674 [INFO] PluginManager:219 - loadIPPluginJar : add fmc
2023-04-11 10:55:47,768 [INFO] IPUIPlugin:79 - create IPUIPlugin
2023-04-11 10:55:47,768 [INFO] PluginManager:219 - loadIPPluginJar : add freertos
2023-04-11 10:55:47,784 [INFO] IPUIPlugin:79 - create IPUIPlugin
2023-04-11 10:55:47,784 [INFO] PluginManager:219 - loadIPPluginJar : add genericplugin
2023-04-11 10:55:47,784 [INFO] IPUIPlugin:79 - create IPUIPlugin
2023-04-11 10:55:47,799 [INFO] PluginManager:219 - loadIPPluginJar : add gfxmmu
2023-04-11 10:55:47,831 [INFO] IPUIPlugin:79 - create IPUIPlugin
2023-04-11 10:55:47,846 [INFO] PluginManager:219 - loadIPPluginJar : add gic
2023-04-11 10:55:47,862 [INFO] IPUIPlugin:79 - create IPUIPlugin
2023-04-11 10:55:47,862 [INFO] PluginManager:219 - loadIPPluginJar : add gpio
2023-04-11 10:55:47,877 [INFO] IPUIPlugin:79 - create IPUIPlugin
2023-04-11 10:55:47,877 [INFO] PluginManager:219 - loadIPPluginJar : add gtzc
2023-04-11 10:55:47,877 [INFO] IPUIPlugin:79 - create IPUIPlugin
2023-04-11 10:55:47,877 [INFO] PluginManager:219 - loadIPPluginJar : add hash
2023-04-11 10:55:47,893 [INFO] IPUIPlugin:79 - create IPUIPlugin
2023-04-11 10:55:47,893 [INFO] PluginManager:219 - loadIPPluginJar : add i2c
2023-04-11 10:55:47,924 [INFO] IPUIPlugin:79 - create IPUIPlugin
2023-04-11 10:55:47,924 [INFO] PluginManager:219 - loadIPPluginJar : add i2s
2023-04-11 10:55:47,940 [INFO] IPUIPlugin:79 - create IPUIPlugin
2023-04-11 10:55:47,940 [INFO] PluginManager:219 - loadIPPluginJar : add ipddr
2023-04-11 10:55:47,971 [INFO] IPUIPlugin:79 - create IPUIPlugin
2023-04-11 10:55:47,971 [INFO] PluginManager:219 - loadIPPluginJar : add linkedlist
2023-04-11 10:55:47,971 [INFO] IPUIPlugin:79 - create IPUIPlugin
2023-04-11 10:55:47,987 [INFO] PluginManager:219 - loadIPPluginJar : add lorawan
2023-04-11 10:55:47,987 [INFO] IPUIPlugin:79 - create IPUIPlugin
2023-04-11 10:55:47,987 [INFO] PluginManager:219 - loadIPPluginJar : add ltdc
2023-04-11 10:55:48,002 [INFO] IPUIPlugin:79 - create IPUIPlugin
2023-04-11 10:55:48,002 [INFO] PluginManager:219 - loadIPPluginJar : add mdma
2023-04-11 10:55:48,018 [INFO] IPUIPlugin:79 - create IPUIPlugin
2023-04-11 10:55:48,018 [INFO] PluginManager:219 - loadIPPluginJar : add nvic
2023-04-11 10:55:48,034 [INFO] IPUIPlugin:79 - create IPUIPlugin
2023-04-11 10:55:48,034 [INFO] PluginManager:219 - loadIPPluginJar : add opamp
2023-04-11 10:55:48,049 [INFO] IPUIPlugin:79 - create IPUIPlugin
2023-04-11 10:55:48,049 [INFO] PluginManager:219 - loadIPPluginJar : add openamp
2023-04-11 10:55:48,065 [INFO] IPUIPlugin:79 - create IPUIPlugin
2023-04-11 10:55:48,065 [INFO] PluginManager:219 - loadIPPluginJar : add pdm2pcm
2023-04-11 10:55:48,096 [INFO] IPUIPlugin:79 - create IPUIPlugin
2023-04-11 10:55:48,096 [INFO] PluginManager:219 - loadIPPluginJar : add plateformsettings
2023-04-11 10:55:48,112 [INFO] IPUIPlugin:79 - create IPUIPlugin
2023-04-11 10:55:48,112 [INFO] PluginManager:219 - loadIPPluginJar : add quadspi
2023-04-11 10:55:48,127 [INFO] IPUIPlugin:79 - create IPUIPlugin
2023-04-11 10:55:48,127 [INFO] PluginManager:219 - loadIPPluginJar : add resmgrutility
2023-04-11 10:55:48,143 [INFO] IPUIPlugin:79 - create IPUIPlugin
2023-04-11 10:55:48,143 [INFO] PluginManager:219 - loadIPPluginJar : add sai
2023-04-11 10:55:48,159 [INFO] IPUIPlugin:79 - create IPUIPlugin
2023-04-11 10:55:48,159 [INFO] PluginManager:219 - loadIPPluginJar : add spi
2023-04-11 10:55:48,174 [INFO] IPUIPlugin:79 - create IPUIPlugin
2023-04-11 10:55:48,174 [INFO] PluginManager:219 - loadIPPluginJar : add stm32_wpan
2023-04-11 10:55:48,174 [INFO] IPUIPlugin:79 - create IPUIPlugin
2023-04-11 10:55:48,174 [INFO] PluginManager:219 - loadIPPluginJar : add tim
2023-04-11 10:55:48,237 [INFO] IPUIPlugin:79 - create IPUIPlugin
2023-04-11 10:55:48,284 [INFO] PluginManager:219 - loadIPPluginJar : add touchsensing
2023-04-11 10:55:48,315 [INFO] IPUIPlugin:79 - create IPUIPlugin
2023-04-11 10:55:48,315 [INFO] PluginManager:219 - loadIPPluginJar : add tracer_emb
2023-04-11 10:55:48,315 [INFO] IPUIPlugin:79 - create IPUIPlugin
2023-04-11 10:55:48,315 [INFO] PluginManager:219 - loadIPPluginJar : add ts
2023-04-11 10:55:48,331 [INFO] IPUIPlugin:79 - create IPUIPlugin
2023-04-11 10:55:48,331 [INFO] PluginManager:219 - loadIPPluginJar : add tsc
2023-04-11 10:55:48,331 [INFO] IPUIPlugin:79 - create IPUIPlugin
2023-04-11 10:55:48,331 [INFO] PluginManager:219 - loadIPPluginJar : add ucpd
2023-04-11 10:55:48,346 [INFO] IPUIPlugin:79 - create IPUIPlugin
2023-04-11 10:55:48,362 [INFO] PluginManager:219 - loadIPPluginJar : add usart
2023-04-11 10:55:48,362 [INFO] IPUIPlugin:79 - create IPUIPlugin
2023-04-11 10:55:48,362 [INFO] PluginManager:219 - loadIPPluginJar : add usbx
2023-04-11 10:55:48,731 [INFO] CADModel:164 - CPN selected for project level
2023-04-11 10:55:48,747 [INFO] CADModel:113 - Register for checkConnection events
2023-04-11 10:55:48,747 [FATAL] Updater:308 - Updater called before beeing initialized
2023-04-11 10:55:48,747 [ERROR] CADModel:124 - Updater not yet initialized, retry later 
2023-04-11 10:55:49,466 [INFO] CADModel:164 - CPN selected for project level
2023-04-11 10:55:49,466 [INFO] CADModel:113 - Register for checkConnection events
2023-04-11 10:55:49,466 [FATAL] Updater:308 - Updater called before beeing initialized
2023-04-11 10:55:49,481 [ERROR] CADModel:124 - Updater not yet initialized, retry later 
2023-04-11 10:55:49,481 [FATAL] Updater:308 - Updater called before beeing initialized
2023-04-11 10:55:49,622 [INFO] ThirdPartyUpdaterWithRetryManager:70 - Updater plugin not ready yet. [3/15]
2023-04-11 10:55:50,138 [FATAL] Updater:308 - Updater called before beeing initialized
2023-04-11 10:55:50,153 [INFO] DbMcusAds:52 - JSON generation date=Tue Mar 07 09:50:55 CET 2023 (1678179055335)
2023-04-11 10:55:50,153 [FATAL] Updater:308 - Updater called before beeing initialized
2023-04-11 10:55:50,309 [WARN] DetailPanel:344 - Failed to get advertising image, set to default
2023-04-11 10:55:50,856 [FATAL] Updater:308 - Updater called before beeing initialized
2023-04-11 10:55:50,856 [FATAL] Updater:308 - Updater called before beeing initialized
2023-04-11 10:55:50,856 [FATAL] Updater:308 - Updater called before beeing initialized
2023-04-11 10:55:50,856 [WARN] DetailPanel:344 - Failed to get advertising image, set to default
2023-04-11 10:55:50,934 [FATAL] Updater:308 - Updater called before beeing initialized
2023-04-11 10:55:51,747 [ERROR] Updater:1120 - MainUpdater not yet initialized. External WinMGr cannot be set.
2023-04-11 10:55:51,763 [INFO] Updater:1056 - Updater Version found : 6.7.0
2023-04-11 10:55:51,825 [INFO] ApplicationProperties:181 - Using Application install path: C:\Users\fanni\Documents\STM32\STM32CubeIDE_1.11.2\STM32CubeIDE\plugins\com.st.stm32cube.common.mx_6.7.0.202301130839
2023-04-11 10:55:52,497 [INFO] MainUpdater:2800 - connection check result : 10
2023-04-11 10:55:52,513 [INFO] MainUpdater:282 - Updater Check For Update Now.
2023-04-11 10:55:52,513 [INFO] MicroXplorer:481 - Change Database Version : DB.6.0.70
2023-04-11 10:55:52,685 [WARN] MainUpdater:1186 - Updater busy. Cannot search thirdparties
2023-04-11 10:55:52,685 [INFO] ThirdPartyUpdaterWithRetryManager:96 - Updater plugin is busy. [1/15]
2023-04-11 10:55:53,122 [INFO] CheckServerUpdateThread:119 - End of CheckServer Thread
2023-04-11 10:55:53,138 [INFO] MainUpdater:2800 - connection check result : 10
2023-04-11 10:55:54,763 [INFO] ApiDb:580 - Connected to CubeFinder SQLite database (C:\Users\fanni\.stmcufinder\plugins\mcufinder\mcu\cube-finder-db.db)
2023-04-11 10:55:54,997 [INFO] ApiDb:667 - CubeFinder database Data Model version=2.1
2023-04-11 10:55:54,997 [INFO] ApiDb:668 - CubeFinder database Configuration version=3.0.35
2023-04-11 10:55:54,997 [INFO] ApiDb:669 - CubeFinder database generation date=2023-03-10 (1678456172)
2023-04-11 10:55:54,997 [INFO] ApiDb:670 - CubeFinder database FW Pack versions=[FP-ATR-ASTRA1_V1.1.1, STM32Cube_FW_C0_V1.0.1, STM32Cube_FW_F0_V1.11.4, STM32Cube_FW_F3_V1.11.4, STM32Cube_FW_F4_V1.27.1, STM32Cube_FW_F7_V1.17.0, STM32Cube_FW_G0_V1.6.1, STM32Cube_FW_G4_V1.5.1, STM32Cube_FW_H5_V0.5.1, STM32Cube_FW_H5_V1.0.0, STM32Cube_FW_H7_V1.11.0, STM32Cube_FW_L0_V1.12.2, STM32Cube_FW_L5_V1.5.0, STM32Cube_FW_U5_V1.2.0, STM32Cube_FW_WBA_V1.0.0, STM32Cube_FW_WBA_V1.0.0RC1, STM32Cube_FW_WBA_V1.0.0RC3, STM32Cube_FW_WB_V1.15.0RC1, STM32Cube_FW_WB_V1.16.0, STM32Cube_FW_WB_V1.16.0RC2, STM32Cube_FW_WL_V1.3.0, X-CUBE-ALGOBUILD_V1.3.0, X-CUBE-ALS_V1.0.1, X-CUBE-AZRTOS-F4_V1.1.0, X-CUBE-AZRTOS-F7_V1.1.0, X-CUBE-AZRTOS-G0_V1.1.0, X-CUBE-AZRTOS-G4_V1.0.0, X-CUBE-AZRTOS-H7_V3.0.0, X-CUBE-AZRTOS-L4_V1.0.0, X-CUBE-AZRTOS-L5_V1.1.0, X-CUBE-AZRTOS-WB_V1.1.0, X-CUBE-AZRTOS-WL_V1.0.0, X-CUBE-BLE1_V6.2.4, X-CUBE-BLE2_V3.3.0, X-CUBE-BLEMGR_V1.3.0, X-CUBE-EEPRMA1_V4.1.0, X-CUBE-GNSS1_V6.0.0, X-CUBE-MEMS1_V9.1.0, X-CUBE-MEMS1_V9.4.0, X-CUBE-MEMS1_V9.5.0, X-CUBE-NFC4_V3.0.0, X-CUBE-NFC7_V1.0.0, X-CUBE-SFXS2LP1_V4.0.0, X-CUBE-SUBG2_V5.0.0]
2023-04-11 10:55:57,841 [WARN] PackLoader:242 - Cannot read IP mode file for STMicroelectronics.X-CUBE-GNSS1.6.0.0
2023-04-11 10:55:58,279 [WARN] PackLoader:242 - Cannot read IP mode file for STMicroelectronics.X-CUBE-AZRTOS-F4.1.1.0
2023-04-11 10:55:58,513 [WARN] PackLoader:242 - Cannot read IP mode file for STMicroelectronics.X-CUBE-SMBUS.2.1.0
2023-04-11 10:55:58,873 [WARN] PackLoader:242 - Cannot read IP mode file for STMicroelectronics.X-CUBE-AZRTOS-F7.1.1.0
2023-04-11 10:55:58,919 [WARN] PackLoader:242 - Cannot read IP mode file for STMicroelectronics.X-CUBE-BLE1.6.2.4
2023-04-11 10:55:58,982 [WARN] PackLoader:242 - Cannot read IP mode file for emotas.I-CUBE-CANOPEN.1.1.3
2023-04-11 10:55:59,216 [WARN] PackLoader:242 - Cannot read IP mode file for STMicroelectronics.X-CUBE-BLEMGR.2.0.0
2023-04-11 10:55:59,982 [WARN] ConditionMgr:437 - getConditionDescription Invalid condition id : UX DEVICE CLASS RTOS Condition cause : null
2023-04-11 10:55:59,982 [WARN] ConditionMgr:437 - getConditionDescription Invalid condition id : UX DEVICE CLASS RTOS Condition cause : null
2023-04-11 10:56:00,060 [WARN] PackLoader:242 - Cannot read IP mode file for STMicroelectronics.X-CUBE-AZRTOS-H7.3.1.0
2023-04-11 10:56:00,060 [WARN] ConditionMgr:1038 - genDependencies : Invalid condition id : UX DEVICE CLASS RTOS Condition cause : null
2023-04-11 10:56:00,060 [WARN] ConditionMgr:1038 - genDependencies : Invalid condition id : UX DEVICE CLASS RTOS Condition cause : null
2023-04-11 10:56:00,060 [WARN] ConditionMgr:1038 - genDependencies : Invalid condition id : UX DEVICE CLASS RTOS Condition cause : null
2023-04-11 10:56:00,060 [WARN] ConditionMgr:1038 - genDependencies : Invalid condition id : UX DEVICE CLASS RTOS Condition cause : null
2023-04-11 10:56:00,060 [WARN] ConditionMgr:1038 - genDependencies : Invalid condition id : UX DEVICE CLASS RTOS Condition cause : null
2023-04-11 10:56:00,185 [WARN] PackLoader:242 - Cannot read IP mode file for STMicroelectronics.X-CUBE-DISPLAY.3.0.0
2023-04-11 10:56:00,295 [WARN] PackLoader:242 - Cannot read IP mode file for wolfSSL.I-CUBE-wolfSSL.5.5.4
2023-04-11 10:56:00,310 [WARN] PackLoader:242 - Cannot read IP mode file for STMicroelectronics.X-CUBE-NFC7.1.0.0
2023-04-11 10:56:00,388 [WARN] PackLoader:242 - Cannot read IP mode file for STMicroelectronics.X-CUBE-EEPRMA1.4.1.0
2023-04-11 10:56:00,420 [WARN] PackLoader:242 - Cannot read IP mode file for WES.I-CUBE-Cesium.1.3.0
2023-04-11 10:56:00,451 [WARN] PackLoader:242 - Cannot read IP mode file for STMicroelectronics.X-CUBE-SFXS2LP1.4.0.0
2023-04-11 10:56:00,623 [WARN] PackLoader:242 - Cannot read IP mode file for STMicroelectronics.X-CUBE-BLE2.3.3.0
2023-04-11 10:56:00,685 [WARN] PackLoader:242 - Cannot read IP mode file for STMicroelectronics.X-CUBE-TOF1.3.2.0
2023-04-11 10:56:00,873 [WARN] PackLoader:242 - Cannot read IP mode file for STMicroelectronics.X-CUBE-AZRTOS-H7.3.0.0
2023-04-11 10:56:00,982 [WARN] PackLoader:242 - Cannot read IP mode file for STMicroelectronics.X-CUBE-ISPU.1.1.0
2023-04-11 10:56:01,060 [WARN] PackLoader:242 - Cannot read IP mode file for RoweBots.I-CUBE-UNISONRTOS.5.5.0-4
2023-04-11 10:56:01,076 [WARN] PackLoader:242 - Cannot read IP mode file for STMicroelectronics.X-CUBE-AI.8.0.0
2023-04-11 10:56:01,091 [WARN] PackLoader:242 - Cannot read IP mode file for STMicroelectronics.X-CUBE-FREERTOS.1.0.1
2023-04-11 10:56:01,123 [WARN] PackLoader:242 - Cannot read IP mode file for STMicroelectronics.X-CUBE-TOUCHGFX.4.21.1
2023-04-11 10:56:01,123 [WARN] PackLoader:242 - Cannot read IP mode file for STMicroelectronics.X-CUBE-TOUCHGFX.4.21.3
2023-04-11 10:56:01,154 [WARN] PackLoader:242 - Cannot read IP mode file for STMicroelectronics.X-CUBE-ALGOBUILD.1.3.0
2023-04-11 10:56:01,341 [WARN] PackLoader:242 - Cannot read IP mode file for STMicroelectronics.X-CUBE-AZRTOS-L5.1.1.0
2023-04-11 10:56:01,826 [WARN] PackLoader:242 - Cannot read IP mode file for STMicroelectronics.X-CUBE-AZRTOS-G0.1.1.0
2023-04-11 10:56:02,092 [WARN] PackLoader:242 - Cannot read IP mode file for STMicroelectronics.X-CUBE-SUBG2.5.0.0
2023-04-11 10:56:02,123 [WARN] PackLoader:242 - Cannot read IP mode file for STMicroelectronics.X-CUBE-NFC4.3.0.0
2023-04-11 10:56:02,170 [WARN] PackLoader:242 - Cannot read IP mode file for STMicroelectronics.X-CUBE-TOF1.3.3.0
2023-04-11 10:56:02,201 [WARN] PackLoader:242 - Cannot read IP mode file for STMicroelectronics.FP-ATR-ASTRA1.1.1.1
2023-04-11 10:56:02,326 [WARN] PackLoader:242 - Cannot read IP mode file for STMicroelectronics.X-CUBE-AZRTOS-G4.1.0.0
2023-04-11 10:56:02,342 [WARN] PackLoader:242 - Cannot read IP mode file for STMicroelectronics.FP-ATR-SIGFOX1.3.2.0
2023-04-11 10:56:02,404 [WARN] PackLoader:242 - Cannot read IP mode file for STMicroelectronics.X-CUBE-AZRTOS-L4.1.0.0
2023-04-11 10:56:02,451 [WARN] PackLoader:242 - Cannot read IP mode file for STMicroelectronics.X-CUBE-AZRTOS-WL.1.0.0
2023-04-11 10:56:02,467 [WARN] PackLoader:242 - Cannot read IP mode file for portGmbH.I-Cube-SoM-uGOAL.1.1.0
2023-04-11 10:56:02,670 [WARN] PackLoader:242 - Cannot read IP mode file for STMicroelectronics.X-CUBE-ALS.1.0.1
2023-04-11 10:56:03,263 [WARN] PackLoader:242 - Cannot read IP mode file for STMicroelectronics.X-CUBE-MEMS1.9.5.0
2023-04-11 10:56:06,561 [WARN] PackLoader:242 - Cannot read IP mode file for STMicroelectronics.X-CUBE-AZRTOS-WB.1.1.0
2023-04-11 10:56:06,811 [WARN] PackLoader:242 - Cannot read IP mode file for SEGGER.I-CUBE-embOS.1.3.1
2023-04-11 10:56:07,061 [INFO] ThirdParty:947 - Integrity check success = true
2023-04-11 10:56:07,201 [INFO] IntegrityCheckThread:98 - exiting critical section [integrity check]
2023-04-11 10:56:07,201 [INFO] IntegrityCheckThread:101 - End integrity checks thread
2023-04-11 10:56:11,467 [INFO] ApiDb:239 - Found 143 in-development CPN: [B-WB1M-WPAN1, B-WL5M-SUBG1, NUCLEO-C031C6, STEVAL-PROTEUS1, STEVAL-STWINBX1, STM320518-EVAL, STM32C0116-DK, STM32C011D6Y3TR, STM32C011D6Y6TR, STM32C011F4P3, STM32C011F4P6, STM32C011F4U3, STM32C011F4U6TR, STM32C011F6P3, STM32C011F6P6, STM32C011F6U3, STM32C011F6U6TR, STM32C011J4M3, STM32C011J4M6, STM32C011J6M3, STM32C011J6M6, STM32C0316-DK, STM32C031C4T3, STM32C031C4T6, STM32C031C4U3, STM32C031C4U6, STM32C031C6T3, STM32C031C6T6, STM32C031C6U3, STM32C031C6U6, STM32C031F4P3, STM32C031F4P6, STM32C031F6P3, STM32C031F6P6, STM32C031G4U3, STM32C031G4U6, STM32C031G6U3, STM32C031G6U6, STM32C031K4T3, STM32C031K4T6, STM32C031K4U3, STM32C031K4U6, STM32C031K6T3, STM32C031K6T6, STM32C031K6U3, STM32C031K6U6, STM32G071K8TXN, STM32G071K8UXN, STM32G081GBU6N, STM32G081KBT6N, STM32G081KBUXN, STM32G0B1CCT6N, STM32G0B1KCT6, STM32G0B1NEY6TR, STM32G0B1RCT6N, STM32G0C1CCT6, STM32G0C1CCT6N, STM32G0C1CCU6N, STM32G0C1CET6N, STM32G0C1CEU6N, STM32G0C1KCT6, STM32G0C1NEY6TR, STM32G0C1RCI6N, STM32G0C1RCT6N, STM32G0C1REI6N, STM32G0C1RET6N, STM32G0C1VCI6, STM32G0C1VEI6, STM32G471CCT6, STM32G471CCU6, STM32G471CET3, STM32G471CET6, STM32G471CEU3, STM32G471CEU6, STM32G471MCT6, STM32G471MET3, STM32G471MET6, STM32G471MEY6TR, STM32G471QCT6, STM32G471QET3, STM32G471RCT6, STM32G471RET3, STM32G471RET6, STM32G471VCH6, STM32G471VCI6, STM32G471VCT6, STM32G471VEH3, STM32G471VEH6, STM32G471VEI3, STM32G471VEI6, STM32G471VET3, STM32G471VET6, STM32G474CCT6, STM32L476VGY6PTR, STM32L4R5QGI6STR, STM32MP131AAE3, STM32MP131AAF3, STM32MP131AAG3, STM32MP131CAE3, STM32MP131CAF3, STM32MP131CAG3, STM32MP131DAE7, STM32MP131DAF7, STM32MP131DAG7, STM32MP131FAE7, STM32MP131FAF7, STM32MP131FAG7, STM32MP133AAE3, STM32MP133AAF3, STM32MP133AAG3, STM32MP133CAE3, STM32MP133CAF3, STM32MP133CAG3, STM32MP133DAE7, STM32MP133DAF7, STM32MP133DAG7, STM32MP133FAE7, STM32MP133FAF7, STM32MP133FAG7, STM32MP135AAE3, STM32MP135AAF3, STM32MP135AAG3, STM32MP135CAE3, STM32MP135CAF3, STM32MP135CAG3, STM32MP135DAE7, STM32MP135DAF7, STM32MP135DAG7, STM32MP135F-DK, STM32MP135FAE7, STM32MP135FAF7, STM32MP135FAF7T, STM32MP135FAF7U, STM32MP135FAG7, STM32U595ZJT6Q, STM32U599BJY6QTR, STM32U599NIH6Q, STM32U599NJH6Q, STM32U5A5ZJT6Q, STM32U5A9BJY6QTR, STM32U5A9NJH6Q, STM32WB1MMCH6, STM32WL5MOCH6TR]
2023-04-11 10:56:11,483 [INFO] DbMcus:215 - Found 3680 MCUs, 3680 are supported
2023-04-11 10:56:11,498 [INFO] ApiDb:422 - Load user favorites file C:\Users\fanni/.stm32cubeide/favorites.mcus.txt: 0 item(s)
2023-04-11 10:56:11,498 [INFO] ApiDb:426 - User favorites MCUs=[]
2023-04-11 10:56:11,498 [INFO] DbMcus:221 - Set 0 / 0 favorites MCUs
2023-04-11 10:56:13,374 [INFO] McuFinderGlobals:65 - Set McuFinderConnectedMode to true
2023-04-11 10:56:13,389 [INFO] MultiScanPanel:196 - Auto-refresh data requested => check proxy status ongoing
2023-04-11 10:56:13,405 [INFO] FinderPluginLoader:92 - Searching for filters in installed packs
2023-04-11 10:56:29,265 [INFO] LoadUrlFilesThread:179 - End of LoadServerUrlFiles without Thread
2023-04-11 10:56:29,905 [INFO] DetailPanel:339 - Set advertising image to C:/Users/fanni/STM32Cube/Repository/\en.prom-stm32h5-mcu-finder.jpg
2023-04-11 10:56:35,247 [INFO] ApiDb:667 - CubeFinder database Data Model version=2.1
2023-04-11 10:56:35,247 [INFO] ApiDb:668 - CubeFinder database Configuration version=3.0.35
2023-04-11 10:56:35,247 [INFO] ApiDb:669 - CubeFinder database generation date=2023-03-10 (1678456172)
2023-04-11 10:56:35,247 [INFO] ApiDb:670 - CubeFinder database FW Pack versions=[FP-ATR-ASTRA1_V1.1.1, STM32Cube_FW_C0_V1.0.1, STM32Cube_FW_F0_V1.11.4, STM32Cube_FW_F3_V1.11.4, STM32Cube_FW_F4_V1.27.1, STM32Cube_FW_F7_V1.17.0, STM32Cube_FW_G0_V1.6.1, STM32Cube_FW_G4_V1.5.1, STM32Cube_FW_H5_V0.5.1, STM32Cube_FW_H5_V1.0.0, STM32Cube_FW_H7_V1.11.0, STM32Cube_FW_L0_V1.12.2, STM32Cube_FW_L5_V1.5.0, STM32Cube_FW_U5_V1.2.0, STM32Cube_FW_WBA_V1.0.0, STM32Cube_FW_WBA_V1.0.0RC1, STM32Cube_FW_WBA_V1.0.0RC3, STM32Cube_FW_WB_V1.15.0RC1, STM32Cube_FW_WB_V1.16.0, STM32Cube_FW_WB_V1.16.0RC2, STM32Cube_FW_WL_V1.3.0, X-CUBE-ALGOBUILD_V1.3.0, X-CUBE-ALS_V1.0.1, X-CUBE-AZRTOS-F4_V1.1.0, X-CUBE-AZRTOS-F7_V1.1.0, X-CUBE-AZRTOS-G0_V1.1.0, X-CUBE-AZRTOS-G4_V1.0.0, X-CUBE-AZRTOS-H7_V3.0.0, X-CUBE-AZRTOS-L4_V1.0.0, X-CUBE-AZRTOS-L5_V1.1.0, X-CUBE-AZRTOS-WB_V1.1.0, X-CUBE-AZRTOS-WL_V1.0.0, X-CUBE-BLE1_V6.2.4, X-CUBE-BLE2_V3.3.0, X-CUBE-BLEMGR_V1.3.0, X-CUBE-EEPRMA1_V4.1.0, X-CUBE-GNSS1_V6.0.0, X-CUBE-MEMS1_V9.1.0, X-CUBE-MEMS1_V9.4.0, X-CUBE-MEMS1_V9.5.0, X-CUBE-NFC4_V3.0.0, X-CUBE-NFC7_V1.0.0, X-CUBE-SFXS2LP1_V4.0.0, X-CUBE-SUBG2_V5.0.0]
2023-04-11 10:56:35,466 [INFO] DbBoardsSqlite:225 - include board P-NUCLEO-WB55-NUCLEO as a kit item of type 'Nucleo-64'
2023-04-11 10:56:35,466 [INFO] DbBoardsSqlite:225 - include board P-NUCLEO-WB55-USBDONGLE as a kit item of type 'Nucleo USB Dongle'
2023-04-11 10:56:35,466 [INFO] DbBoardsSqlite:225 - include board STEVAL-IDP005V1 as a kit item of type 'Evaluation Board'
2023-04-11 10:56:35,466 [INFO] DbBoardsSqlite:225 - include board STEVAL-IDP005V2 as a kit item of type 'Evaluation Board'
2023-04-11 10:56:35,669 [INFO] ApiDb:239 - Found 143 in-development CPN: [B-WB1M-WPAN1, B-WL5M-SUBG1, NUCLEO-C031C6, STEVAL-PROTEUS1, STEVAL-STWINBX1, STM320518-EVAL, STM32C0116-DK, STM32C011D6Y3TR, STM32C011D6Y6TR, STM32C011F4P3, STM32C011F4P6, STM32C011F4U3, STM32C011F4U6TR, STM32C011F6P3, STM32C011F6P6, STM32C011F6U3, STM32C011F6U6TR, STM32C011J4M3, STM32C011J4M6, STM32C011J6M3, STM32C011J6M6, STM32C0316-DK, STM32C031C4T3, STM32C031C4T6, STM32C031C4U3, STM32C031C4U6, STM32C031C6T3, STM32C031C6T6, STM32C031C6U3, STM32C031C6U6, STM32C031F4P3, STM32C031F4P6, STM32C031F6P3, STM32C031F6P6, STM32C031G4U3, STM32C031G4U6, STM32C031G6U3, STM32C031G6U6, STM32C031K4T3, STM32C031K4T6, STM32C031K4U3, STM32C031K4U6, STM32C031K6T3, STM32C031K6T6, STM32C031K6U3, STM32C031K6U6, STM32G071K8TXN, STM32G071K8UXN, STM32G081GBU6N, STM32G081KBT6N, STM32G081KBUXN, STM32G0B1CCT6N, STM32G0B1KCT6, STM32G0B1NEY6TR, STM32G0B1RCT6N, STM32G0C1CCT6, STM32G0C1CCT6N, STM32G0C1CCU6N, STM32G0C1CET6N, STM32G0C1CEU6N, STM32G0C1KCT6, STM32G0C1NEY6TR, STM32G0C1RCI6N, STM32G0C1RCT6N, STM32G0C1REI6N, STM32G0C1RET6N, STM32G0C1VCI6, STM32G0C1VEI6, STM32G471CCT6, STM32G471CCU6, STM32G471CET3, STM32G471CET6, STM32G471CEU3, STM32G471CEU6, STM32G471MCT6, STM32G471MET3, STM32G471MET6, STM32G471MEY6TR, STM32G471QCT6, STM32G471QET3, STM32G471RCT6, STM32G471RET3, STM32G471RET6, STM32G471VCH6, STM32G471VCI6, STM32G471VCT6, STM32G471VEH3, STM32G471VEH6, STM32G471VEI3, STM32G471VEI6, STM32G471VET3, STM32G471VET6, STM32G474CCT6, STM32L476VGY6PTR, STM32L4R5QGI6STR, STM32MP131AAE3, STM32MP131AAF3, STM32MP131AAG3, STM32MP131CAE3, STM32MP131CAF3, STM32MP131CAG3, STM32MP131DAE7, STM32MP131DAF7, STM32MP131DAG7, STM32MP131FAE7, STM32MP131FAF7, STM32MP131FAG7, STM32MP133AAE3, STM32MP133AAF3, STM32MP133AAG3, STM32MP133CAE3, STM32MP133CAF3, STM32MP133CAG3, STM32MP133DAE7, STM32MP133DAF7, STM32MP133DAG7, STM32MP133FAE7, STM32MP133FAF7, STM32MP133FAG7, STM32MP135AAE3, STM32MP135AAF3, STM32MP135AAG3, STM32MP135CAE3, STM32MP135CAF3, STM32MP135CAG3, STM32MP135DAE7, STM32MP135DAF7, STM32MP135DAG7, STM32MP135F-DK, STM32MP135FAE7, STM32MP135FAF7, STM32MP135FAF7T, STM32MP135FAF7U, STM32MP135FAG7, STM32U595ZJT6Q, STM32U599BJY6QTR, STM32U599NIH6Q, STM32U599NJH6Q, STM32U5A5ZJT6Q, STM32U5A9BJY6QTR, STM32U5A9NJH6Q, STM32WB1MMCH6, STM32WL5MOCH6TR]
2023-04-11 10:56:37,622 [INFO] BoardInfo:879 - No configuration file found for board P-NUCLEO-WB55
2023-04-11 10:56:37,950 [INFO] DbBoards:156 - Kit is not supported: P-NUCLEO-WB55
2023-04-11 10:56:38,013 [INFO] BoardInfo:879 - No configuration file found for board STEVAL-BFA001V1B
2023-04-11 10:56:38,013 [INFO] DbBoards:156 - Kit is not supported: STEVAL-BFA001V1B
2023-04-11 10:56:38,028 [INFO] BoardInfo:879 - No configuration file found for board STEVAL-BFA001V2B
2023-04-11 10:56:38,028 [INFO] DbBoards:156 - Kit is not supported: STEVAL-BFA001V2B
2023-04-11 10:56:38,638 [INFO] DbBoards:160 - Found 179 boards, 176 are supported
2023-04-11 10:56:38,669 [INFO] ApiDb:422 - Load user favorites file C:\Users\fanni/.stm32cubeide/favorites.boards.txt: 0 item(s)
2023-04-11 10:56:38,669 [INFO] ApiDb:426 - User favorites Boards=[]
2023-04-11 10:56:38,669 [INFO] DbBoards:189 - Set 0 / 0 favorites Boards
2023-04-11 11:05:29,424 [INFO] MainUpdater:2800 - connection check result : 10
2023-04-11 11:05:29,439 [INFO] MainUpdater:2800 - connection check result : 10
2023-04-11 11:05:29,564 [INFO] MicroXplorer:451 - Change Database Path : 
2023-04-11 11:05:29,564 [INFO] MicroXplorer:481 - Change Database Version : DB.6.0.70
2023-04-11 11:05:29,564 [WARN] ThirdParty:845 - waiting for thirdparty lock release [close project]
2023-04-11 11:05:29,564 [INFO] ThirdParty:847 - entering critical section [close project]
2023-04-11 11:05:29,580 [INFO] ThirdParty:857 - exiting critical section [close project]
2023-04-11 11:05:29,596 [INFO] PinOutPanel:1477 - setPackage(No Configuration,No Configuration)
2023-04-11 11:05:29,611 [INFO] UtilMem:74 - Begin LoadConfig() Used Memory: 462422312 Bytes (558891008)
2023-04-11 11:05:29,627 [INFO] MicroXplorer:451 - Change Database Path : 
2023-04-11 11:05:29,627 [INFO] MicroXplorer:481 - Change Database Version : DB.6.0.70
2023-04-11 11:05:29,627 [INFO] OpenFileManager:307 - Change cursor
2023-04-11 11:05:30,908 [INFO] Mcu:1925 - Initializing MCU STM32L412KBTx STM32L412KBTx 
2023-04-11 11:05:30,924 [INFO] Mcu:1938 - No CPN specified => set CPN to STM32L412KBT3
2023-04-11 11:05:42,562 [INFO] Context:654 - Trying to add GPIOservice into a context  which must be forbidden
2023-04-11 11:05:47,140 [INFO] ImportTextPane:193 - (OptionalMessage_ERROR) Unable to find key (Mcu.ThirdPartyNb) in loaded IOC file
2023-04-11 11:05:47,140 [INFO] ImportTextPane:193 - (OptionalMessage_ERROR) Unable to find key (Mcu.PinsNb) in loaded IOC file
2023-04-11 11:05:47,140 [INFO] ImportTextPane:193 - (OptionalMessage_ERROR) Unable to find key (Mcu.IPNb) in loaded IOC file
2023-04-11 11:05:47,640 [INFO] RtosManager:489 - Registered RTOS mode: class=CMSIS, group=RTOS, mode=CMSIS_V1, owner=FREERTOS
2023-04-11 11:05:47,640 [INFO] RtosManager:489 - Registered RTOS mode: class=CMSIS, group=RTOS2, mode=CMSIS_V2, owner=FREERTOS
2023-04-11 11:05:47,640 [INFO] RtosManager:489 - Registered RTOS mode: class=RTOS, group=Core, mode=CMSIS_V1, owner=FREERTOS
2023-04-11 11:05:47,640 [INFO] RtosManager:489 - Registered RTOS mode: class=RTOS, group=Core, mode=CMSIS_V2, owner=FREERTOS
2023-04-11 11:05:47,640 [WARN] ModelIntegratedComponent:185 - Missing modes for component STMicroelectronics:FreeRTOS:0.0.1:STMicroelectronics:RTOS:FreeRTOS:Core:::10.2.0:
2023-04-11 11:05:47,765 [WARN] ModelIntegratedComponent:64 - No mode defined for component null
2023-04-11 11:05:47,765 [WARN] ModelIntegratedComponent:64 - No mode defined for component null
2023-04-11 11:05:47,765 [WARN] ModelIntegratedComponent:64 - No mode defined for component null
2023-04-11 11:05:47,765 [WARN] ModelIntegratedComponent:64 - No mode defined for component null
2023-04-11 11:05:47,765 [WARN] ModelIntegratedComponent:64 - No mode defined for component null
2023-04-11 11:05:47,765 [WARN] ModelIntegratedComponent:64 - No mode defined for component null
2023-04-11 11:05:47,765 [WARN] ModelIntegratedComponent:64 - No mode defined for component null
2023-04-11 11:05:47,765 [WARN] ModelIntegratedComponent:64 - No mode defined for component null
2023-04-11 11:05:47,765 [WARN] ModelIntegratedComponent:64 - No mode defined for component null
2023-04-11 11:05:47,765 [WARN] ModelIntegratedComponent:64 - No mode defined for component null
2023-04-11 11:05:47,765 [WARN] ModelIntegratedComponent:64 - No mode defined for component null
2023-04-11 11:05:47,765 [WARN] ModelIntegratedComponent:64 - No mode defined for component null
2023-04-11 11:05:47,765 [WARN] ModelIntegratedComponent:64 - No mode defined for component null
2023-04-11 11:05:47,765 [WARN] ModelIntegratedComponent:64 - No mode defined for component null
2023-04-11 11:05:47,765 [WARN] ModelIntegratedComponent:64 - No mode defined for component null
2023-04-11 11:05:47,765 [WARN] ModelIntegratedComponent:64 - No mode defined for component null
2023-04-11 11:05:47,765 [WARN] ModelIntegratedComponent:64 - No mode defined for component null
2023-04-11 11:05:47,765 [WARN] ModelIntegratedComponent:64 - No mode defined for component null
2023-04-11 11:05:47,765 [WARN] ModelIntegratedComponent:64 - No mode defined for component null
2023-04-11 11:05:47,765 [WARN] ModelIntegratedComponent:64 - No mode defined for component null
2023-04-11 11:05:47,765 [WARN] ModelIntegratedComponent:64 - No mode defined for component null
2023-04-11 11:05:47,765 [WARN] ModelIntegratedComponent:64 - No mode defined for component null
2023-04-11 11:05:47,765 [WARN] ModelIntegratedComponent:64 - No mode defined for component null
2023-04-11 11:05:47,765 [WARN] ModelIntegratedComponent:64 - No mode defined for component null
2023-04-11 11:05:47,765 [WARN] ModelIntegratedComponent:64 - No mode defined for component null
2023-04-11 11:05:47,765 [WARN] ModelIntegratedComponent:64 - No mode defined for component null
2023-04-11 11:05:47,765 [WARN] ModelIntegratedComponent:64 - No mode defined for component null
2023-04-11 11:05:47,765 [WARN] ModelIntegratedComponent:64 - No mode defined for component null
2023-04-11 11:05:47,765 [WARN] ModelIntegratedComponent:64 - No mode defined for component null
2023-04-11 11:05:47,765 [WARN] ModelIntegratedComponent:64 - No mode defined for component null
2023-04-11 11:05:47,765 [WARN] ModelIntegratedComponent:64 - No mode defined for component null
2023-04-11 11:05:47,765 [WARN] ModelIntegratedComponent:64 - No mode defined for component null
2023-04-11 11:05:47,765 [WARN] ModelIntegratedComponent:64 - No mode defined for component null
2023-04-11 11:05:48,562 [INFO] ThirdPartyModel:294 - Start build external matchings
2023-04-11 11:05:51,672 [INFO] ThirdPartyModel:310 - End build external matchings
2023-04-11 11:05:53,031 [INFO] UtilMem:74 - End LoadConfig() Used Memory: 440192312 Bytes (558891008)
2023-04-11 11:05:53,141 [WARN] ThirdParty:807 - waiting for thirdparty lock release [change project]
2023-04-11 11:05:53,141 [INFO] ThirdParty:809 - entering critical section [change project]
2023-04-11 11:05:53,141 [INFO] ThirdParty:999 - CMSIS Pack Vendor :STMicroelectronics X-CUBE-ISPU 1.1.0
2023-04-11 11:05:53,141 [INFO] ThirdParty:999 - CMSIS Pack Vendor :RoweBots I-CUBE-UNISONRTOS 5.5.0-4
2023-04-11 11:05:53,141 [INFO] ThirdParty:999 - CMSIS Pack Vendor :STMicroelectronics X-CUBE-GNSS1 6.0.0
2023-04-11 11:05:53,141 [INFO] ThirdParty:999 - CMSIS Pack Vendor :STMicroelectronics USB_HOST 2.0.0
2023-04-11 11:05:53,141 [INFO] ThirdParty:999 - CMSIS Pack Vendor :STMicroelectronics X-CUBE-AZRTOS-F4 1.1.0
2023-04-11 11:05:53,141 [INFO] ThirdParty:999 - CMSIS Pack Vendor :STMicroelectronics LIBJPEG 8.0.0
2023-04-11 11:05:53,141 [INFO] ThirdParty:999 - CMSIS Pack Vendor :STMicroelectronics X-CUBE-SMBUS 2.1.0
2023-04-11 11:05:53,141 [INFO] ThirdParty:999 - CMSIS Pack Vendor :STMicroelectronics USB_DEVICE 3.0.0
2023-04-11 11:05:53,141 [INFO] ThirdParty:999 - CMSIS Pack Vendor :STMicroelectronics X-CUBE-AI 8.0.0
2023-04-11 11:05:53,156 [INFO] ThirdParty:999 - CMSIS Pack Vendor :STMicroelectronics X-CUBE-FREERTOS 1.0.1
2023-04-11 11:05:53,156 [INFO] ThirdParty:999 - CMSIS Pack Vendor :STMicroelectronics X-CUBE-TOUCHGFX 4.21.1
2023-04-11 11:05:53,156 [INFO] ThirdParty:999 - CMSIS Pack Vendor :STMicroelectronics X-CUBE-TOUCHGFX 4.21.3
2023-04-11 11:05:53,156 [INFO] ThirdParty:999 - CMSIS Pack Vendor :STMicroelectronics X-CUBE-AZRTOS-F7 1.1.0
2023-04-11 11:05:53,156 [INFO] ThirdParty:999 - CMSIS Pack Vendor :STMicroelectronics USB_DEVICE 2.0.0
2023-04-11 11:05:53,156 [INFO] ThirdParty:999 - CMSIS Pack Vendor :STMicroelectronics X-CUBE-ALGOBUILD 1.3.0
2023-04-11 11:05:53,156 [INFO] ThirdParty:999 - CMSIS Pack Vendor :STMicroelectronics X-CUBE-BLE1 6.2.4
2023-04-11 11:05:53,156 [INFO] ThirdParty:999 - CMSIS Pack Vendor :STMicroelectronics X-CUBE-AZRTOS-L5 1.1.0
2023-04-11 11:05:53,156 [INFO] ThirdParty:999 - CMSIS Pack Vendor :STMicroelectronics FreeRTOS 0.0.1
2023-04-11 11:05:53,156 [INFO] ThirdParty:999 - CMSIS Pack Vendor :emotas I-CUBE-CANOPEN 1.1.3
2023-04-11 11:05:53,156 [INFO] ThirdParty:999 - CMSIS Pack Vendor :STMicroelectronics X-CUBE-AZRTOS-G0 1.1.0
2023-04-11 11:05:53,172 [INFO] ThirdParty:999 - CMSIS Pack Vendor :STMicroelectronics X-CUBE-BLEMGR 2.0.0
2023-04-11 11:05:53,172 [INFO] ThirdParty:999 - CMSIS Pack Vendor :STMicroelectronics X-CUBE-SUBG2 5.0.0
2023-04-11 11:05:53,172 [INFO] ThirdParty:999 - CMSIS Pack Vendor :STMicroelectronics X-CUBE-NFC4 3.0.0
2023-04-11 11:05:53,172 [INFO] ThirdParty:999 - CMSIS Pack Vendor :STMicroelectronics STM32_WPAN 1.0.0
2023-04-11 11:05:53,172 [INFO] ThirdParty:999 - CMSIS Pack Vendor :STMicroelectronics lwIP 2.0.3
2023-04-11 11:05:53,172 [INFO] ThirdParty:999 - CMSIS Pack Vendor :STMicroelectronics USB_HOST 1.0.0
2023-04-11 11:05:53,172 [INFO] ThirdParty:999 - CMSIS Pack Vendor :STMicroelectronics PDM2PCM 3.1.0
2023-04-11 11:05:53,172 [INFO] ThirdParty:999 - CMSIS Pack Vendor :STMicroelectronics X-CUBE-AZRTOS-H7 3.1.0
2023-04-11 11:05:53,172 [INFO] ThirdParty:999 - CMSIS Pack Vendor :STMicroelectronics X-CUBE-TOF1 3.3.0
2023-04-11 11:05:53,172 [INFO] ThirdParty:999 - CMSIS Pack Vendor :STMicroelectronics FP-ATR-ASTRA1 1.1.1
2023-04-11 11:05:53,172 [INFO] ThirdParty:999 - CMSIS Pack Vendor :STMicroelectronics PDM2PCM 3.3.0
2023-04-11 11:05:53,172 [INFO] ThirdParty:999 - CMSIS Pack Vendor :STMicroelectronics X-CUBE-DISPLAY 3.0.0
2023-04-11 11:05:53,172 [INFO] ThirdParty:999 - CMSIS Pack Vendor :STMicroelectronics X-CUBE-AZRTOS-G4 1.0.0
2023-04-11 11:05:53,172 [INFO] ThirdParty:999 - CMSIS Pack Vendor :STMicroelectronics FP-ATR-SIGFOX1 3.2.0
2023-04-11 11:05:53,172 [INFO] ThirdParty:999 - CMSIS Pack Vendor :wolfSSL I-CUBE-wolfSSL 5.5.4
2023-04-11 11:05:53,172 [INFO] ThirdParty:999 - CMSIS Pack Vendor :STMicroelectronics X-CUBE-AZRTOS-L4 1.0.0
2023-04-11 11:05:53,172 [INFO] ThirdParty:999 - CMSIS Pack Vendor :STMicroelectronics HAL Drivers 0.0.0
2023-04-11 11:05:53,172 [INFO] ThirdParty:999 - CMSIS Pack Vendor :STMicroelectronics MBEDTLS 2.16.2
2023-04-11 11:05:53,172 [INFO] ThirdParty:999 - CMSIS Pack Vendor :STMicroelectronics MBEDTLS 2.14.1
2023-04-11 11:05:53,172 [INFO] ThirdParty:999 - CMSIS Pack Vendor :STMicroelectronics X-CUBE-NFC7 1.0.0
2023-04-11 11:05:53,172 [INFO] ThirdParty:999 - CMSIS Pack Vendor :STMicroelectronics X-CUBE-AZRTOS-WL 1.0.0
2023-04-11 11:05:53,172 [INFO] ThirdParty:999 - CMSIS Pack Vendor :STMicroelectronics X-CUBE-EEPRMA1 4.1.0
2023-04-11 11:05:53,172 [INFO] ThirdParty:999 - CMSIS Pack Vendor :portGmbH I-Cube-SoM-uGOAL 1.1.0
2023-04-11 11:05:53,172 [INFO] ThirdParty:999 - CMSIS Pack Vendor :STMicroelectronics X-CUBE-ALS 1.0.1
2023-04-11 11:05:53,172 [INFO] ThirdParty:999 - CMSIS Pack Vendor :STMicroelectronics X-CUBE-MEMS1 9.5.0
2023-04-11 11:05:53,172 [INFO] ThirdParty:999 - CMSIS Pack Vendor :STMicroelectronics ThreadX 1.0.0
2023-04-11 11:05:53,172 [INFO] ThirdParty:999 - CMSIS Pack Vendor :STMicroelectronics X-CUBE-AZRTOS-WB 1.1.0
2023-04-11 11:05:53,172 [INFO] ThirdParty:999 - CMSIS Pack Vendor :SEGGER I-CUBE-embOS 1.3.1
2023-04-11 11:05:53,172 [INFO] ThirdParty:999 - CMSIS Pack Vendor :STMicroelectronics USB_DEVICE 1.0.0
2023-04-11 11:05:53,172 [INFO] ThirdParty:999 - CMSIS Pack Vendor :STMicroelectronics ThreadX 0.0.2
2023-04-11 11:05:53,172 [INFO] ThirdParty:999 - CMSIS Pack Vendor :WES I-CUBE-Cesium 1.3.0
2023-04-11 11:05:53,172 [INFO] ThirdParty:999 - CMSIS Pack Vendor :STMicroelectronics lwIP 2.1.2
2023-04-11 11:05:53,172 [INFO] ThirdParty:999 - CMSIS Pack Vendor :STMicroelectronics X-CUBE-SFXS2LP1 4.0.0
2023-04-11 11:05:53,172 [INFO] ThirdParty:999 - CMSIS Pack Vendor :STMicroelectronics X-CUBE-BLE2 3.3.0
2023-04-11 11:05:53,172 [INFO] ThirdParty:999 - CMSIS Pack Vendor :STMicroelectronics X-CUBE-TOF1 3.2.0
2023-04-11 11:05:53,172 [INFO] ThirdParty:999 - CMSIS Pack Vendor :STMicroelectronics PDM2PCM 3.2.0
2023-04-11 11:05:53,172 [INFO] ThirdParty:999 - CMSIS Pack Vendor :STMicroelectronics X-CUBE-AZRTOS-H7 3.0.0
2023-04-11 11:05:53,172 [INFO] ThirdParty:815 - exiting critical section [change project]
2023-04-11 11:05:54,813 [INFO] PinOutPanel:1477 - setPackage(No Configuration,No Configuration)
2023-04-11 11:05:54,875 [INFO] PinOutPanel:1477 - setPackage(STM32L412KBTx,LQFP32)
2023-04-11 11:05:59,751 [INFO] UtilMem:74 - Before build in PCC Used Memory: 453210112 Bytes (558891008)
2023-04-11 11:06:07,892 [INFO] UtilMem:74 - After build in PCC Used Memory: 467106048 Bytes (558891008)
2023-04-11 11:06:08,017 [INFO] IPUIPlugin:79 - create IPUIPlugin
2023-04-11 11:06:08,017 [INFO] IPUIPlugin:79 - create IPUIPlugin
2023-04-11 11:06:08,017 [INFO] IPUIPlugin:79 - create IPUIPlugin
2023-04-11 11:06:08,017 [INFO] IPUIPlugin:79 - create IPUIPlugin
2023-04-11 11:06:08,017 [INFO] IPUIPlugin:79 - create IPUIPlugin
2023-04-11 11:06:08,017 [INFO] IPUIPlugin:79 - create IPUIPlugin
2023-04-11 11:06:08,017 [INFO] IPUIPlugin:79 - create IPUIPlugin
2023-04-11 11:06:08,017 [INFO] IPUIPlugin:79 - create IPUIPlugin
2023-04-11 11:06:08,017 [INFO] IPUIPlugin:79 - create IPUIPlugin
2023-04-11 11:06:08,017 [INFO] IPUIPlugin:79 - create IPUIPlugin
2023-04-11 11:06:08,017 [INFO] IPUIPlugin:79 - create IPUIPlugin
2023-04-11 11:06:08,032 [INFO] IPUIPlugin:79 - create IPUIPlugin
2023-04-11 11:06:08,032 [INFO] IPUIPlugin:79 - create IPUIPlugin
2023-04-11 11:06:08,126 [INFO] IPUIPlugin:79 - create IPUIPlugin
2023-04-11 11:06:08,126 [INFO] IPUIPlugin:79 - create IPUIPlugin
2023-04-11 11:06:08,126 [INFO] IPUIPlugin:79 - create IPUIPlugin
2023-04-11 11:06:08,126 [INFO] IPUIPlugin:79 - create IPUIPlugin
2023-04-11 11:06:08,126 [INFO] IPUIPlugin:79 - create IPUIPlugin
2023-04-11 11:06:08,126 [INFO] IPUIPlugin:79 - create IPUIPlugin
2023-04-11 11:06:08,126 [INFO] IPUIPlugin:79 - create IPUIPlugin
2023-04-11 11:06:08,126 [INFO] IPUIPlugin:79 - create IPUIPlugin
2023-04-11 11:06:08,126 [INFO] IPUIPlugin:79 - create IPUIPlugin
2023-04-11 11:06:08,126 [INFO] IPUIPlugin:79 - create IPUIPlugin
2023-04-11 11:06:08,126 [INFO] IPUIPlugin:79 - create IPUIPlugin
2023-04-11 11:06:08,126 [INFO] IPUIPlugin:79 - create IPUIPlugin
2023-04-11 11:06:08,126 [INFO] IPUIPlugin:79 - create IPUIPlugin
2023-04-11 11:06:08,126 [INFO] IPUIPlugin:79 - create IPUIPlugin
2023-04-11 11:06:08,126 [INFO] IPUIPlugin:79 - create IPUIPlugin
2023-04-11 11:06:08,142 [INFO] IPUIPlugin:79 - create IPUIPlugin
2023-04-11 11:06:08,142 [INFO] IPUIPlugin:79 - create IPUIPlugin
2023-04-11 11:06:08,142 [INFO] IPUIPlugin:79 - create IPUIPlugin
2023-04-11 11:06:08,142 [INFO] IPUIPlugin:79 - create IPUIPlugin
2023-04-11 11:06:08,142 [INFO] IPUIPlugin:79 - create IPUIPlugin
2023-04-11 11:06:08,142 [INFO] IPUIPlugin:79 - create IPUIPlugin
2023-04-11 11:06:08,142 [INFO] IPUIPlugin:79 - create IPUIPlugin
2023-04-11 11:06:11,431 [INFO] CADModel:164 - CPN selected for project levelSTM32L412KBT3
2023-04-11 11:06:11,431 [INFO] CADModel:113 - Register for checkConnection events
2023-04-11 11:06:11,540 [INFO] OpenFileManager:327 - Restore cursor
2023-04-11 11:06:13,930 [INFO] UtilMem:74 - End SaveConfig() Used Memory: 435067744 Bytes (558891008)
2023-04-11 11:06:15,102 [INFO] ServerAccessManage:474 - Download File stm32cube_fw_l4_v1170.zip
2023-04-11 11:11:49,352 [ERROR] FileExtend:454 - File entry not found
2023-04-11 11:11:49,352 [INFO] FileExtend:239 - Unzip File : stm32cube_fw_l4_v1170.zip
2023-04-11 11:11:49,352 [INFO] FileExtend:254 - Standard Zip Deflate
2023-04-11 11:19:11,927 [INFO] ServerAccessManage:474 - Download File stm32cube_fw_l4_v1172.zip
2023-04-11 11:20:53,874 [INFO] FileExtend:239 - Unzip File : stm32cube_fw_l4_v1172.zip
2023-04-11 11:20:53,874 [INFO] FileExtend:254 - Standard Zip Deflate
2023-04-11 11:28:30,669 [INFO] LoadServerPackagesThread:190 - End of LoadServerPackages Thread
2023-04-11 11:28:32,100 [INFO] ThirdPartyModel:294 - Start build external matchings
2023-04-11 11:28:33,210 [INFO] UtilMem:74 - End SaveConfig() Used Memory: 539784240 Bytes (1006632960)
2023-04-11 11:28:53,027 [INFO] ThirdPartyModel:310 - End build external matchings
2023-04-11 11:28:53,324 [INFO] CheckServerUpdateThread:119 - End of CheckServer Thread
2023-04-11 11:28:54,699 [INFO] BlockDiagram:2759 - set Specific Code input for plugin: NVIC
2023-04-11 11:28:54,699 [INFO] BlockDiagram:2759 - set Specific Code input for plugin: RCC
2023-04-11 11:28:54,746 [INFO] CodeGenerator:692 - code generatio: config db path: C:\Users\fanni\Documents\STM32\STM32CubeIDE_1.11.2\STM32CubeIDE\plugins\com.st.stm32cube.common.mx_6.7.0.202301130839\\db\
2023-04-11 11:29:04,908 [INFO] CodeEngine:247 - oldGeneratedFile, C:\Users\fanni\Documents\2022-2023\S6\Projet\ProjetDroneENSEA2023\projetdrone\projetdrone\MXTmpFiles\license.tmp_save
2023-04-11 11:29:13,714 [INFO] CodeEngine:271 - Generated code: C:\Users\fanni\Documents\2022-2023\S6\Projet\ProjetDroneENSEA2023\projetdrone\projetdrone\MXTmpFiles\license.tmp
2023-04-11 11:29:13,870 [INFO] CodeEngine:247 - oldGeneratedFile, C:\Users\fanni\Documents\2022-2023\S6\Projet\ProjetDroneENSEA2023\projetdrone\projetdrone\Core\Src\stm32l4xx_it.c_save
2023-04-11 11:29:16,121 [INFO] CodeEngine:271 - Generated code: C:\Users\fanni\Documents\2022-2023\S6\Projet\ProjetDroneENSEA2023\projetdrone\projetdrone\Core\Src\stm32l4xx_it.c
2023-04-11 11:29:16,152 [INFO] CodeEngine:247 - oldGeneratedFile, C:\Users\fanni\Documents\2022-2023\S6\Projet\ProjetDroneENSEA2023\projetdrone\projetdrone\Core\Inc\stm32l4xx_it.h_save
2023-04-11 11:29:16,793 [INFO] CodeEngine:271 - Generated code: C:\Users\fanni\Documents\2022-2023\S6\Projet\ProjetDroneENSEA2023\projetdrone\projetdrone\Core\Inc\stm32l4xx_it.h
2023-04-11 11:29:18,247 [INFO] CodeEngine:247 - oldGeneratedFile, C:\Users\fanni\Documents\2022-2023\S6\Projet\ProjetDroneENSEA2023\projetdrone\projetdrone\Core\Src\stm32l4xx_hal_msp.c_save
2023-04-11 11:29:18,965 [INFO] CodeEngine:271 - Generated code: C:\Users\fanni\Documents\2022-2023\S6\Projet\ProjetDroneENSEA2023\projetdrone\projetdrone\Core\Src\stm32l4xx_hal_msp.c
2023-04-11 11:29:19,012 [INFO] CodeEngine:247 - oldGeneratedFile, C:\Users\fanni\Documents\2022-2023\S6\Projet\ProjetDroneENSEA2023\projetdrone\projetdrone\MXTmpFiles\system.tmp_save
2023-04-11 11:29:19,497 [INFO] CodeEngine:271 - Generated code: C:\Users\fanni\Documents\2022-2023\S6\Projet\ProjetDroneENSEA2023\projetdrone\projetdrone\MXTmpFiles\system.tmp
2023-04-11 11:29:19,731 [INFO] CodeEngine:303 - oldGeneratedFile, C:\Users\fanni\Documents\2022-2023\S6\Projet\ProjetDroneENSEA2023\projetdrone\projetdrone\Core\Inc\stm32l4xx_hal_conf.h_save
2023-04-11 11:29:20,403 [INFO] CodeEngine:327 - Generated code: C:\Users\fanni\Documents\2022-2023\S6\Projet\ProjetDroneENSEA2023\projetdrone\projetdrone\Core\Inc\stm32l4xx_hal_conf.h
2023-04-11 11:29:21,076 [INFO] CodeEngine:247 - oldGeneratedFile, C:\Users\fanni\Documents\2022-2023\S6\Projet\ProjetDroneENSEA2023\projetdrone\projetdrone\Core\Inc\main.h_save
2023-04-11 11:29:21,748 [INFO] CodeEngine:271 - Generated code: C:\Users\fanni\Documents\2022-2023\S6\Projet\ProjetDroneENSEA2023\projetdrone\projetdrone\Core\Inc\main.h
2023-04-11 11:29:21,810 [INFO] CodeEngine:247 - oldGeneratedFile, C:\Users\fanni\Documents\2022-2023\S6\Projet\ProjetDroneENSEA2023\projetdrone\projetdrone\Core\Src\main.c_save
2023-04-11 11:29:22,873 [INFO] CodeEngine:271 - Generated code: C:\Users\fanni\Documents\2022-2023\S6\Projet\ProjetDroneENSEA2023\projetdrone\projetdrone\Core\Src\main.c
2023-04-11 11:29:34,039 [INFO] ProjectBuilder:2919 - Time for Copy HAL[1] : 5297mS.
2023-04-11 11:29:34,757 [INFO] ProjectBuilder:4183 - Project Generator version: 3.18.0-B7
2023-04-11 11:29:37,917 [INFO] ConfigFileManager:1396 - The Die is : DIE464
2023-04-11 11:29:38,073 [INFO] ApiDbMcu:505 - Load IP Config File for FATFS
2023-04-11 11:29:38,292 [INFO] ApiDbMcu:505 - Load IP Config File for FREERTOS
2023-04-11 11:29:38,651 [INFO] ApiDbMcu:505 - Load IP Config File for TOUCHSENSING
2023-04-11 11:29:38,791 [INFO] ApiDbMcu:505 - Load IP Config File for USB_DEVICE
2023-04-11 11:30:32,391 [INFO] ProjectBuilder:4351 - Time for Generating toolchain IDE Files: 57634mS.
2023-04-11 11:30:32,438 [INFO] ProjectBuilder:2790 - Time for Copy CMSIS : 31mS.
2023-04-11 11:30:32,453 [INFO] ProjectBuilder:2790 - Time for Copy CMSIS : 0mS.
2023-04-11 11:30:36,059 [INFO] McuFinderGlobals:65 - Set McuFinderConnectedMode to true
2023-04-11 11:30:36,106 [INFO] ApiDb:447 - Save user favorites file C:\Users\fanni/.stm32cubeide/favorites.mcus.txt: 0 item(s)
2023-04-11 11:30:36,138 [INFO] ApiDb:451 - User favorites MCUs=[]
2023-04-11 11:35:56,002 [INFO] UtilMem:74 - End SaveConfig() Used Memory: 637973840 Bytes (1012924416)
2023-04-11 11:36:47,743 [INFO] I2cTimingTraitement:329 - 0x10909CEC
2023-04-11 11:40:20,073 [INFO] DmaTabbedPanel:202 - Cannot restore the selected Tab for DMA
2023-04-11 11:43:48,018 [INFO] DmaTabbedPanel:202 - Cannot restore the selected Tab for DMA
2023-04-11 11:45:45,519 [INFO] UtilMem:74 - End SaveConfig() Used Memory: 456556504 Bytes (1012924416)
2023-04-11 11:54:10,652 [INFO] Gpio:272 - dependency for GPIO [I2C1, TIM1, USART2]
2023-04-11 11:54:40,705 [INFO] Gpio:272 - dependency for GPIO [I2C1, TIM1, USART2]
2023-04-11 11:54:41,674 [INFO] DmaTabbedPanel:202 - Cannot restore the selected Tab for DMA
2023-04-11 11:54:44,284 [INFO] Gpio:272 - dependency for GPIO [I2C1, TIM1, USART2]
2023-04-11 11:56:16,787 [INFO] UtilMem:74 - End SaveConfig() Used Memory: 475622440 Bytes (1012924416)
